<?xml version="1.0" encoding="UTF-8"?>
<!-- Generated by org.testng.reporters.JUnitXMLReporter -->
<testsuite ignored="1" hostname="Sagar-PC" failures="0" tests="3" name="Loan" time="0.036" errors="0" timestamp="2024-04-08T11:57:06 CEST">
  <testcase classname="test_pkg.Loan_tests" name="home" time="0.003"/>
  <testcase classname="test_pkg.Loan_tests" name="personal" time="0.003"/>
  <testcase classname="test_pkg.Loan_tests" name="car" time="0.005"/>
  <testcase classname="test_pkg.Loan_tests" name="home_smartloan" time="0.0">
    <ignored/>
  </testcase> <!-- home_smartloan -->
</testsuite> <!-- Loan -->
