<?xml version="1.0" encoding="UTF-8"?>
<!-- Generated by org.testng.reporters.JUnitXMLReporter -->
<testsuite ignored="4" hostname="Sagar-PC" failures="0" tests="3" name="SmokeTest" time="0.109" errors="0" timestamp="2024-04-08T11:48:17 CEST">
  <testcase classname="test_pkg.Basic" name="demo" time="0.017"/>
  <testcase classname="test_pkg.Basic2" name="demo3" time="0.004"/>
  <testcase classname="test_pkg.Loan_tests" name="home" time="0.004"/>
  <testcase classname="test_pkg.Basic" name="demo2" time="0.0">
    <ignored/>
  </testcase> <!-- demo2 -->
  <testcase classname="test_pkg.Loan_tests" name="personal" time="0.0">
    <ignored/>
  </testcase> <!-- personal -->
  <testcase classname="test_pkg.Loan_tests" name="home_smartloan" time="0.0">
    <ignored/>
  </testcase> <!-- home_smartloan -->
  <testcase classname="test_pkg.Loan_tests" name="car" time="0.0">
    <ignored/>
  </testcase> <!-- car -->
</testsuite> <!-- SmokeTest -->
